<?xml version="1.0" encoding="UTF-8"?>
<testsuite name="test.PurchaseTicketTest" tests="1" skipped="0" failures="0" errors="0" timestamp="2023-01-16T09:48:11" hostname="VIVOBOOK" time="10.791">
  <properties/>
  <testcase name="shouldPurchasingTicketFromCard()" classname="test.PurchaseTicketTest" time="10.791"/>
  <system-out><![CDATA[]]></system-out>
  <system-err><![CDATA[SLF4J: Failed to load class "org.slf4j.impl.StaticLoggerBinder".
SLF4J: Defaulting to no-operation (NOP) logger implementation
SLF4J: See http://www.slf4j.org/codes.html#StaticLoggerBinder for further details.
Starting ChromeDriver 109.0.5414.74 (e7c5703604daa9cc128ccf5a5d3e993513758913-refs/branch-heads/5414@{#1172}) on port 27750
Only local connections are allowed.
Please see https://chromedriver.chromium.org/security-considerations for suggestions on keeping ChromeDriver safe.
ChromeDriver was started successfully.
янв. 16, 2023 12:48:12 PM org.openqa.selenium.remote.ProtocolHandshake createSession
INFO: Detected dialect: W3C
]]></system-err>
</testsuite>
